<?xml version="1.0" encoding="UTF-8"?>
<coverage generated="1691441657324" clover="3.2.0">
  <project timestamp="1691441657325" name="All files">
    <metrics statements="12" coveredstatements="7" conditionals="0" coveredconditionals="0" methods="3" coveredmethods="0" elements="15" coveredelements="7" complexity="0" loc="12" ncloc="12" packages="1" files="2" classes="2"/>
    <file name="NotFound.tsx" path="C:\Users\Rebeca\Desktop\Laboratoria\Proyecto 6\DEV006-burger-queen-api-client\burger-queen\src\components\NotFound\NotFound.tsx">
      <metrics statements="5" coveredstatements="4" conditionals="0" coveredconditionals="0" methods="1" coveredmethods="0"/>
      <line num="2" count="1" type="stmt"/>
      <line num="3" count="1" type="stmt"/>
      <line num="4" count="1" type="stmt"/>
      <line num="5" count="0" type="stmt"/>
      <line num="20" count="1" type="stmt"/>
    </file>
    <file name="navegar.tsx" path="C:\Users\Rebeca\Desktop\Laboratoria\Proyecto 6\DEV006-burger-queen-api-client\burger-queen\src\components\NotFound\navegar.tsx">
      <metrics statements="7" coveredstatements="3" conditionals="0" coveredconditionals="0" methods="2" coveredmethods="0"/>
      <line num="2" count="1" type="stmt"/>
      <line num="4" count="1" type="stmt"/>
      <line num="5" count="0" type="stmt"/>
      <line num="7" count="0" type="stmt"/>
      <line num="8" count="0" type="stmt"/>
      <line num="11" count="0" type="stmt"/>
      <line num="18" count="1" type="stmt"/>
    </file>
  </project>
</coverage>
