{"C:\\Users\\Rebeca\\Desktop\\Laboratoria\\Proyecto 6\\DEV006-burger-queen-api-client\\burger-queen\\src\\components\\Login\\Login.tsx": {"path":"C:\\Users\\Rebeca\\Desktop\\Laboratoria\\Proyecto 6\\DEV006-burger-queen-api-client\\burger-queen\\src\\components\\Login\\Login.tsx","statementMap":{"0":{"start":{"line":1,"column":0},"end":{"line":1,"column":75}},"1":{"start":{"line":2,"column":0},"end":{"line":2,"column":47}},"2":{"start":{"line":3,"column":0},"end":{"line":3,"column":48}},"3":{"start":{"line":4,"column":0},"end":{"line":4,"column":20}},"4":{"start":{"line":13,"column":24},"end":{"line":105,"column":1}},"5":{"start":{"line":14,"column":19},"end":{"line":14,"column":32}},"6":{"start":{"line":15,"column":34},"end":{"line":18,"column":4}},"7":{"start":{"line":20,"column":28},"end":{"line":20,"column":48}},"8":{"start":{"line":22,"column":23},"end":{"line":52,"column":3}},"9":{"start":{"line":23,"column":4},"end":{"line":23,"column":23}},"10":{"start":{"line":24,"column":4},"end":{"line":24,"column":17}},"11":{"start":{"line":26,"column":4},"end":{"line":51,"column":null}},"12":{"start":{"line":27,"column":6},"end":{"line":30,"column":null}},"13":{"start":{"line":28,"column":8},"end":{"line":28,"column":49}},"14":{"start":{"line":29,"column":8},"end":{"line":29,"column":15}},"15":{"start":{"line":32,"column":28},"end":{"line":32,"column":49}},"16":{"start":{"line":33,"column":23},"end":{"line":33,"column":83}},"17":{"start":{"line":34,"column":6},"end":{"line":34,"column":null}},"18":{"start":{"line":35,"column":6},"end":{"line":41,"column":null}},"19":{"start":{"line":36,"column":8},"end":{"line":36,"column":27}},"20":{"start":{"line":37,"column":13},"end":{"line":41,"column":null}},"21":{"start":{"line":38,"column":8},"end":{"line":38,"column":28}},"22":{"start":{"line":39,"column":13},"end":{"line":41,"column":null}},"23":{"start":{"line":40,"column":8},"end":{"line":40,"column":26}},"24":{"start":{"line":44,"column":6},"end":{"line":47,"column":9}},"25":{"start":{"line":49,"column":6},"end":{"line":49,"column":55}},"26":{"start":{"line":50,"column":6},"end":{"line":50,"column":48}},"27":{"start":{"line":54,"column":23},"end":{"line":60,"column":3}},"28":{"start":{"line":55,"column":28},"end":{"line":55,"column":36}},"29":{"start":{"line":56,"column":4},"end":{"line":59,"column":8}},"30":{"start":{"line":56,"column":31},"end":{"line":59,"column":6}},"31":{"start":{"line":63,"column":28},"end":{"line":63,"column":55}},"32":{"start":{"line":64,"column":2},"end":{"line":67,"column":9}},"33":{"start":{"line":66,"column":4},"end":{"line":66,"column":25}},"34":{"start":{"line":69,"column":2},"end":{"line":104,"column":4}},"35":{"start":{"line":107,"column":0},"end":{"line":107,"column":21}}},"fnMap":{"0":{"name":"(anonymous_0)","decl":{"start":{"line":13,"column":24},"end":{"line":13,"column":27}},"loc":{"start":{"line":13,"column":29},"end":{"line":105,"column":1}}},"1":{"name":"(anonymous_1)","decl":{"start":{"line":22,"column":23},"end":{"line":22,"column":28}},"loc":{"start":{"line":22,"column":63},"end":{"line":52,"column":3}}},"2":{"name":"(anonymous_2)","decl":{"start":{"line":54,"column":23},"end":{"line":54,"column":24}},"loc":{"start":{"line":54,"column":60},"end":{"line":60,"column":3}}},"3":{"name":"(anonymous_3)","decl":{"start":{"line":56,"column":16},"end":{"line":56,"column":17}},"loc":{"start":{"line":56,"column":31},"end":{"line":59,"column":6}}},"4":{"name":"(anonymous_4)","decl":{"start":{"line":64,"column":12},"end":{"line":64,"column":15}},"loc":{"start":{"line":64,"column":17},"end":{"line":67,"column":3}}}},"branchMap":{"0":{"loc":{"start":{"line":27,"column":6},"end":{"line":30,"column":null}},"type":"if","locations":[{"start":{"line":27,"column":6},"end":{"line":30,"column":null}}]},"1":{"loc":{"start":{"line":27,"column":10},"end":{"line":27,"column":47}},"type":"binary-expr","locations":[{"start":{"line":27,"column":10},"end":{"line":27,"column":25}},{"start":{"line":27,"column":29},"end":{"line":27,"column":47}}]},"2":{"loc":{"start":{"line":35,"column":6},"end":{"line":41,"column":null}},"type":"if","locations":[{"start":{"line":35,"column":6},"end":{"line":41,"column":null}},{"start":{"line":37,"column":13},"end":{"line":41,"column":null}}]},"3":{"loc":{"start":{"line":37,"column":13},"end":{"line":41,"column":null}},"type":"if","locations":[{"start":{"line":37,"column":13},"end":{"line":41,"column":null}},{"start":{"line":39,"column":13},"end":{"line":41,"column":null}}]},"4":{"loc":{"start":{"line":39,"column":13},"end":{"line":41,"column":null}},"type":"if","locations":[{"start":{"line":39,"column":13},"end":{"line":41,"column":null}}]},"5":{"loc":{"start":{"line":73,"column":5},"end":{"line":73,"column":46}},"type":"binary-expr","locations":[{"start":{"line":73,"column":5},"end":{"line":73,"column":10}},{"start":{"line":73,"column":14},"end":{"line":73,"column":46}}]},"6":{"loc":{"start":{"line":101,"column":9},"end":{"line":101,"column":67}},"type":"binary-expr","locations":[{"start":{"line":101,"column":9},"end":{"line":101,"column":14}},{"start":{"line":101,"column":18},"end":{"line":101,"column":67}}]}},"s":{"0":1,"1":1,"2":1,"3":1,"4":1,"5":9,"6":0,"7":0,"8":0,"9":0,"10":0,"11":0,"12":0,"13":0,"14":0,"15":0,"16":0,"17":0,"18":0,"19":0,"20":0,"21":0,"22":0,"23":0,"24":0,"25":0,"26":0,"27":0,"28":0,"29":0,"30":0,"31":0,"32":0,"33":0,"34":0,"35":1},"f":{"0":9,"1":0,"2":0,"3":0,"4":0},"b":{"0":[0],"1":[0,0],"2":[0,0],"3":[0,0],"4":[0],"5":[0,0],"6":[0,0]}}
}
