{"C:\\Users\\Rebeca\\Desktop\\Laboratoria\\Proyecto 6\\DEV006-burger-queen-api-client\\burger-queen\\src\\API\\api.tsx": {"path":"C:\\Users\\Rebeca\\Desktop\\Laboratoria\\Proyecto 6\\DEV006-burger-queen-api-client\\burger-queen\\src\\API\\api.tsx","statementMap":{"0":{"start":{"line":1,"column":17},"end":{"line":1,"column":null}},"1":{"start":{"line":13,"column":21},"end":{"line":26,"column":2}},"2":{"start":{"line":14,"column":19},"end":{"line":20,"column":null}},"3":{"start":{"line":22,"column":2},"end":{"line":24,"column":null}},"4":{"start":{"line":23,"column":4},"end":{"line":23,"column":null}},"5":{"start":{"line":25,"column":2},"end":{"line":25,"column":null}},"6":{"start":{"line":28,"column":27},"end":{"line":42,"column":2}},"7":{"start":{"line":29,"column":18},"end":{"line":31,"column":null}},"8":{"start":{"line":33,"column":19},"end":{"line":36,"column":null}},"9":{"start":{"line":38,"column":2},"end":{"line":40,"column":null}},"10":{"start":{"line":39,"column":4},"end":{"line":39,"column":null}},"11":{"start":{"line":41,"column":2},"end":{"line":41,"column":null}}},"fnMap":{"0":{"name":"(anonymous_0)","decl":{"start":{"line":13,"column":21},"end":{"line":13,"column":28}},"loc":{"start":{"line":13,"column":28},"end":{"line":26,"column":2}}},"1":{"name":"(anonymous_1)","decl":{"start":{"line":28,"column":27},"end":{"line":28,"column":34}},"loc":{"start":{"line":28,"column":49},"end":{"line":42,"column":2}}}},"branchMap":{"0":{"loc":{"start":{"line":22,"column":2},"end":{"line":24,"column":null}},"type":"if","locations":[{"start":{"line":22,"column":2},"end":{"line":24,"column":null}}]},"1":{"loc":{"start":{"line":38,"column":2},"end":{"line":40,"column":null}},"type":"if","locations":[{"start":{"line":38,"column":2},"end":{"line":40,"column":null}}]}},"s":{"0":0,"1":0,"2":0,"3":0,"4":0,"5":0,"6":0,"7":0,"8":0,"9":0,"10":0,"11":0},"f":{"0":0,"1":0},"b":{"0":[0],"1":[0]}}
,"C:\\Users\\Rebeca\\Desktop\\Laboratoria\\Proyecto 6\\DEV006-burger-queen-api-client\\burger-queen\\src\\components\\Admin\\Admin.tsx": {"path":"C:\\Users\\Rebeca\\Desktop\\Laboratoria\\Proyecto 6\\DEV006-burger-queen-api-client\\burger-queen\\src\\components\\Admin\\Admin.tsx","statementMap":{"0":{"start":{"line":3,"column":24},"end":{"line":9,"column":null}}},"fnMap":{"0":{"name":"(anonymous_0)","decl":{"start":{"line":3,"column":24},"end":{"line":3,"column":null}},"loc":{"start":{"line":3,"column":24},"end":{"line":9,"column":null}}}},"branchMap":{},"s":{"0":0},"f":{"0":0},"b":{}}
,"C:\\Users\\Rebeca\\Desktop\\Laboratoria\\Proyecto 6\\DEV006-burger-queen-api-client\\burger-queen\\src\\components\\Chef\\Chef.tsx": {"path":"C:\\Users\\Rebeca\\Desktop\\Laboratoria\\Proyecto 6\\DEV006-burger-queen-api-client\\burger-queen\\src\\components\\Chef\\Chef.tsx","statementMap":{"0":{"start":{"line":3,"column":23},"end":{"line":9,"column":null}}},"fnMap":{"0":{"name":"(anonymous_0)","decl":{"start":{"line":3,"column":23},"end":{"line":3,"column":null}},"loc":{"start":{"line":3,"column":23},"end":{"line":9,"column":null}}}},"branchMap":{},"s":{"0":0},"f":{"0":0},"b":{}}
,"C:\\Users\\Rebeca\\Desktop\\Laboratoria\\Proyecto 6\\DEV006-burger-queen-api-client\\burger-queen\\src\\components\\Login\\Login.tsx": {"path":"C:\\Users\\Rebeca\\Desktop\\Laboratoria\\Proyecto 6\\DEV006-burger-queen-api-client\\burger-queen\\src\\components\\Login\\Login.tsx","statementMap":{"0":{"start":{"line":13,"column":24},"end":{"line":105,"column":null}},"1":{"start":{"line":15,"column":34},"end":{"line":18,"column":null}},"2":{"start":{"line":20,"column":28},"end":{"line":20,"column":null}},"3":{"start":{"line":21,"column":19},"end":{"line":21,"column":null}},"4":{"start":{"line":22,"column":23},"end":{"line":52,"column":null}},"5":{"start":{"line":23,"column":4},"end":{"line":23,"column":null}},"6":{"start":{"line":24,"column":4},"end":{"line":24,"column":null}},"7":{"start":{"line":26,"column":4},"end":{"line":51,"column":null}},"8":{"start":{"line":27,"column":6},"end":{"line":30,"column":null}},"9":{"start":{"line":28,"column":8},"end":{"line":28,"column":null}},"10":{"start":{"line":29,"column":8},"end":{"line":29,"column":null}},"11":{"start":{"line":32,"column":28},"end":{"line":32,"column":null}},"12":{"start":{"line":33,"column":23},"end":{"line":33,"column":null}},"13":{"start":{"line":34,"column":6},"end":{"line":34,"column":null}},"14":{"start":{"line":35,"column":6},"end":{"line":41,"column":null}},"15":{"start":{"line":36,"column":8},"end":{"line":36,"column":null}},"16":{"start":{"line":37,"column":13},"end":{"line":41,"column":null}},"17":{"start":{"line":38,"column":8},"end":{"line":38,"column":null}},"18":{"start":{"line":39,"column":13},"end":{"line":41,"column":null}},"19":{"start":{"line":40,"column":8},"end":{"line":40,"column":null}},"20":{"start":{"line":44,"column":6},"end":{"line":47,"column":null}},"21":{"start":{"line":49,"column":6},"end":{"line":49,"column":null}},"22":{"start":{"line":50,"column":6},"end":{"line":50,"column":null}},"23":{"start":{"line":54,"column":23},"end":{"line":60,"column":null}},"24":{"start":{"line":55,"column":28},"end":{"line":55,"column":36}},"25":{"start":{"line":56,"column":4},"end":{"line":59,"column":null}},"26":{"start":{"line":56,"column":31},"end":{"line":59,"column":null}},"27":{"start":{"line":63,"column":28},"end":{"line":63,"column":null}},"28":{"start":{"line":64,"column":2},"end":{"line":67,"column":null}},"29":{"start":{"line":66,"column":4},"end":{"line":66,"column":null}}},"fnMap":{"0":{"name":"(anonymous_0)","decl":{"start":{"line":13,"column":24},"end":{"line":13,"column":null}},"loc":{"start":{"line":13,"column":24},"end":{"line":105,"column":null}}},"1":{"name":"(anonymous_1)","decl":{"start":{"line":22,"column":23},"end":{"line":22,"column":30}},"loc":{"start":{"line":22,"column":30},"end":{"line":52,"column":null}}},"2":{"name":"(anonymous_2)","decl":{"start":{"line":54,"column":23},"end":{"line":54,"column":24}},"loc":{"start":{"line":54,"column":24},"end":{"line":60,"column":null}}},"3":{"name":"(anonymous_3)","decl":{"start":{"line":56,"column":16},"end":{"line":56,"column":17}},"loc":{"start":{"line":56,"column":31},"end":{"line":59,"column":null}}},"4":{"name":"(anonymous_4)","decl":{"start":{"line":64,"column":12},"end":{"line":64,"column":null}},"loc":{"start":{"line":64,"column":12},"end":{"line":67,"column":5}}}},"branchMap":{"0":{"loc":{"start":{"line":27,"column":6},"end":{"line":30,"column":null}},"type":"if","locations":[{"start":{"line":27,"column":6},"end":{"line":30,"column":null}}]},"1":{"loc":{"start":{"line":27,"column":10},"end":{"line":27,"column":47}},"type":"binary-expr","locations":[{"start":{"line":27,"column":10},"end":{"line":27,"column":25}},{"start":{"line":27,"column":29},"end":{"line":27,"column":47}}]},"2":{"loc":{"start":{"line":35,"column":6},"end":{"line":41,"column":null}},"type":"if","locations":[{"start":{"line":35,"column":6},"end":{"line":41,"column":null}},{"start":{"line":37,"column":13},"end":{"line":41,"column":null}}]},"3":{"loc":{"start":{"line":37,"column":13},"end":{"line":41,"column":null}},"type":"if","locations":[{"start":{"line":37,"column":13},"end":{"line":41,"column":null}},{"start":{"line":39,"column":13},"end":{"line":41,"column":null}}]},"4":{"loc":{"start":{"line":39,"column":13},"end":{"line":41,"column":null}},"type":"if","locations":[{"start":{"line":39,"column":13},"end":{"line":41,"column":null}}]},"5":{"loc":{"start":{"line":73,"column":5},"end":{"line":73,"column":14}},"type":"binary-expr","locations":[{"start":{"line":73,"column":5},"end":{"line":73,"column":14}}]},"6":{"loc":{"start":{"line":101,"column":9},"end":{"line":101,"column":18}},"type":"binary-expr","locations":[{"start":{"line":101,"column":9},"end":{"line":101,"column":18}}]}},"s":{"0":0,"1":0,"2":0,"3":0,"4":0,"5":0,"6":0,"7":0,"8":0,"9":0,"10":0,"11":0,"12":0,"13":0,"14":0,"15":0,"16":0,"17":0,"18":0,"19":0,"20":0,"21":0,"22":0,"23":0,"24":0,"25":0,"26":0,"27":0,"28":0,"29":0},"f":{"0":0,"1":0,"2":0,"3":0,"4":0},"b":{"0":[0],"1":[0,0],"2":[0,0],"3":[0,0],"4":[0],"5":[0],"6":[0]}}
,"C:\\Users\\Rebeca\\Desktop\\Laboratoria\\Proyecto 6\\DEV006-burger-queen-api-client\\burger-queen\\src\\components\\NotFound\\NotFound.tsx": {"path":"C:\\Users\\Rebeca\\Desktop\\Laboratoria\\Proyecto 6\\DEV006-burger-queen-api-client\\burger-queen\\src\\components\\NotFound\\NotFound.tsx","statementMap":{"0":{"start":{"line":20,"column":0},"end":{"line":20,"column":15}},"1":{"start":{"line":1,"column":18},"end":{"line":1,"column":null}},"2":{"start":{"line":2,"column":7},"end":{"line":2,"column":null}},"3":{"start":{"line":3,"column":20},"end":{"line":3,"column":null}},"4":{"start":{"line":4,"column":27},"end":{"line":18,"column":null}},"5":{"start":{"line":20,"column":15},"end":{"line":20,"column":null}}},"fnMap":{"0":{"name":"(anonymous_2)","decl":{"start":{"line":4,"column":27},"end":{"line":4,"column":null}},"loc":{"start":{"line":4,"column":27},"end":{"line":18,"column":null}}}},"branchMap":{},"s":{"0":1,"1":1,"2":1,"3":1,"4":1,"5":1},"f":{"0":0},"b":{}}
,"C:\\Users\\Rebeca\\Desktop\\Laboratoria\\Proyecto 6\\DEV006-burger-queen-api-client\\burger-queen\\src\\components\\NotFound\\navegar.tsx": {"path":"C:\\Users\\Rebeca\\Desktop\\Laboratoria\\Proyecto 6\\DEV006-burger-queen-api-client\\burger-queen\\src\\components\\NotFound\\navegar.tsx","statementMap":{"0":{"start":{"line":18,"column":0},"end":{"line":18,"column":15}},"1":{"start":{"line":1,"column":18},"end":{"line":1,"column":null}},"2":{"start":{"line":2,"column":28},"end":{"line":2,"column":null}},"3":{"start":{"line":4,"column":26},"end":{"line":16,"column":null}},"4":{"start":{"line":5,"column":19},"end":{"line":5,"column":null}},"5":{"start":{"line":7,"column":23},"end":{"line":9,"column":null}},"6":{"start":{"line":8,"column":4},"end":{"line":8,"column":null}},"7":{"start":{"line":18,"column":15},"end":{"line":18,"column":null}}},"fnMap":{"0":{"name":"(anonymous_2)","decl":{"start":{"line":4,"column":26},"end":{"line":4,"column":null}},"loc":{"start":{"line":4,"column":26},"end":{"line":16,"column":null}}},"1":{"name":"(anonymous_3)","decl":{"start":{"line":7,"column":23},"end":{"line":7,"column":null}},"loc":{"start":{"line":7,"column":23},"end":{"line":9,"column":null}}}},"branchMap":{},"s":{"0":0,"1":1,"2":1,"3":1,"4":0,"5":0,"6":0,"7":1},"f":{"0":0,"1":0},"b":{}}
,"C:\\Users\\Rebeca\\Desktop\\Laboratoria\\Proyecto 6\\DEV006-burger-queen-api-client\\burger-queen\\src\\components\\Waiter\\Waiter.tsx": {"path":"C:\\Users\\Rebeca\\Desktop\\Laboratoria\\Proyecto 6\\DEV006-burger-queen-api-client\\burger-queen\\src\\components\\Waiter\\Waiter.tsx","statementMap":{"0":{"start":{"line":4,"column":25},"end":{"line":104,"column":null}}},"fnMap":{"0":{"name":"(anonymous_0)","decl":{"start":{"line":4,"column":25},"end":{"line":4,"column":null}},"loc":{"start":{"line":4,"column":25},"end":{"line":104,"column":null}}}},"branchMap":{},"s":{"0":0},"f":{"0":0},"b":{}}
}
