TN:
SF:src\API\api.tsx
FN:21,(anonymous_4)
FN:36,(anonymous_5)
FN:52,(anonymous_6)
FNF:3
FNH:1
FNDA:1,(anonymous_4)
FNDA:0,(anonymous_5)
FNDA:0,(anonymous_6)
DA:1,1
DA:21,1
DA:22,1
DA:30,0
DA:31,0
DA:33,0
DA:36,1
DA:37,0
DA:41,0
DA:46,0
DA:47,0
DA:49,0
DA:52,1
DA:54,0
DA:58,0
DA:63,0
DA:64,0
DA:67,0
DA:68,0
LF:19
LH:5
BRDA:30,0,0,0
BRDA:46,1,0,0
BRDA:63,2,0,0
BRF:3
BRH:0
end_of_record
TN:
SF:src\components\Admin\Admin.tsx
FN:3,(anonymous_0)
FNF:1
FNH:0
FNDA:0,(anonymous_0)
DA:3,0
LF:1
LH:0
BRF:0
BRH:0
end_of_record
TN:
SF:src\components\Chef\Chef.tsx
FN:3,(anonymous_0)
FNF:1
FNH:0
FNDA:0,(anonymous_0)
DA:3,0
LF:1
LH:0
BRF:0
BRH:0
end_of_record
TN:
SF:src\components\Login\Login.tsx
FN:13,(anonymous_4)
FN:22,(anonymous_5)
FN:54,(anonymous_6)
FN:56,(anonymous_7)
FN:64,(anonymous_8)
FNF:5
FNH:5
FNDA:8,(anonymous_4)
FNDA:1,(anonymous_5)
FNDA:2,(anonymous_6)
FNDA:2,(anonymous_7)
FNDA:2,(anonymous_8)
DA:1,1
DA:2,1
DA:3,1
DA:4,1
DA:13,1
DA:15,8
DA:20,7
DA:21,7
DA:22,7
DA:23,1
DA:24,1
DA:26,1
DA:27,1
DA:28,0
DA:29,0
DA:32,1
DA:33,0
DA:34,0
DA:35,0
DA:36,0
DA:37,0
DA:38,0
DA:39,0
DA:40,0
DA:44,0
DA:49,1
DA:50,1
DA:54,7
DA:55,2
DA:56,2
DA:63,7
DA:64,7
DA:66,2
DA:107,2
LF:34
LH:23
BRDA:27,0,0,0
BRDA:27,1,0,1
BRDA:27,1,1,1
BRDA:35,2,0,0
BRDA:35,2,1,0
BRDA:37,3,0,0
BRDA:37,3,1,0
BRDA:39,4,0,0
BRDA:73,5,0,7
BRDA:101,6,0,7
BRF:10
BRH:4
end_of_record
TN:
SF:src\components\NotFound\NotFound.tsx
FN:6,(anonymous_2)
FN:9,(anonymous_3)
FNF:2
FNH:2
FNDA:2,(anonymous_2)
FNDA:1,(anonymous_3)
DA:1,1
DA:2,1
DA:3,1
DA:4,1
DA:6,1
DA:7,2
DA:9,2
DA:10,1
DA:27,1
LF:9
LH:9
BRF:0
BRH:0
end_of_record
TN:
SF:src\components\Waiter\Waiter.tsx
FN:14,(anonymous_0)
FN:17,(anonymous_1)
FN:23,(anonymous_2)
FN:26,(anonymous_3)
FN:54,(anonymous_4)
FNF:5
FNH:0
FNDA:0,(anonymous_0)
FNDA:0,(anonymous_1)
FNDA:0,(anonymous_2)
FNDA:0,(anonymous_3)
FNDA:0,(anonymous_4)
DA:14,0
DA:15,0
DA:17,0
DA:18,0
DA:19,0
DA:20,0
DA:22,0
DA:24,0
DA:27,0
DA:55,0
LF:10
LH:0
BRDA:20,0,0,0
BRF:1
BRH:0
end_of_record
