TN:
SF:src\API\api.tsx
FN:13,(anonymous_0)
FN:28,(anonymous_1)
FNF:2
FNH:0
FNDA:0,(anonymous_0)
FNDA:0,(anonymous_1)
DA:1,0
DA:13,0
DA:14,0
DA:22,0
DA:23,0
DA:25,0
DA:28,0
DA:29,0
DA:33,0
DA:38,0
DA:39,0
DA:41,0
LF:12
LH:0
BRDA:22,0,0,0
BRDA:38,1,0,0
BRF:2
BRH:0
end_of_record
TN:
SF:src\components\Admin\Admin.tsx
FN:3,(anonymous_0)
FNF:1
FNH:0
FNDA:0,(anonymous_0)
DA:3,0
LF:1
LH:0
BRF:0
BRH:0
end_of_record
TN:
SF:src\components\Chef\Chef.tsx
FN:3,(anonymous_0)
FNF:1
FNH:0
FNDA:0,(anonymous_0)
DA:3,0
LF:1
LH:0
BRF:0
BRH:0
end_of_record
TN:
SF:src\components\Login\Login.tsx
FN:13,(anonymous_0)
FN:22,(anonymous_1)
FN:54,(anonymous_2)
FN:56,(anonymous_3)
FN:64,(anonymous_4)
FNF:5
FNH:0
FNDA:0,(anonymous_0)
FNDA:0,(anonymous_1)
FNDA:0,(anonymous_2)
FNDA:0,(anonymous_3)
FNDA:0,(anonymous_4)
DA:13,0
DA:15,0
DA:20,0
DA:21,0
DA:22,0
DA:23,0
DA:24,0
DA:26,0
DA:27,0
DA:28,0
DA:29,0
DA:32,0
DA:33,0
DA:34,0
DA:35,0
DA:36,0
DA:37,0
DA:38,0
DA:39,0
DA:40,0
DA:44,0
DA:49,0
DA:50,0
DA:54,0
DA:55,0
DA:56,0
DA:63,0
DA:64,0
DA:66,0
LF:29
LH:0
BRDA:27,0,0,0
BRDA:27,1,0,0
BRDA:27,1,1,0
BRDA:35,2,0,0
BRDA:35,2,1,0
BRDA:37,3,0,0
BRDA:37,3,1,0
BRDA:39,4,0,0
BRDA:73,5,0,0
BRDA:101,6,0,0
BRF:10
BRH:0
end_of_record
TN:
SF:src\components\NotFound\NotFound.tsx
FN:4,(anonymous_2)
FNF:1
FNH:0
FNDA:0,(anonymous_2)
DA:1,1
DA:2,1
DA:3,1
DA:4,1
DA:20,1
LF:5
LH:5
BRF:0
BRH:0
end_of_record
TN:
SF:src\components\NotFound\navegar.tsx
FN:4,(anonymous_2)
FN:7,(anonymous_3)
FNF:2
FNH:0
FNDA:0,(anonymous_2)
FNDA:0,(anonymous_3)
DA:1,1
DA:2,1
DA:4,1
DA:5,0
DA:7,0
DA:8,0
DA:18,1
LF:7
LH:4
BRF:0
BRH:0
end_of_record
TN:
SF:src\components\Waiter\Waiter.tsx
FN:4,(anonymous_0)
FNF:1
FNH:0
FNDA:0,(anonymous_0)
DA:4,0
LF:1
LH:0
BRF:0
BRH:0
end_of_record
